<?xml version="1.0" encoding="UTF-8"?>
<!-- Generated by org.testng.reporters.JUnitReportReporter -->
<testsuite hostname="KINGSMAN-PC" failures="0" tests="1" name="automationpractice.BbcPrintingBusinessNews" time="22.623" errors="0" timestamp="2022-09-23T20:32:17 IST" skipped="0">
  <testcase classname="automationpractice.BbcPrintingBusinessNews" name="printBbcBusinessNews" time="22.623"/>
  <system-out/>
</testsuite> <!-- automationpractice.BbcPrintingBusinessNews -->
