<?xml version="1.0" encoding="UTF-8"?>
<!-- Generated by org.testng.reporters.JUnitReportReporter -->
<testsuite hostname="KINGSMAN-PC" failures="0" tests="1" name="automationpractice.CareInsuranceRenewMessageVerifying" time="16.710" errors="0" timestamp="2022-09-26T22:49:13 IST" skipped="0">
  <testcase classname="automationpractice.CareInsuranceRenewMessageVerifying" name="verifyCareInsuranceRenewMessage" time="16.710"/>
  <system-out/>
</testsuite> <!-- automationpractice.CareInsuranceRenewMessageVerifying -->
