<?xml version="1.0" encoding="UTF-8"?>
<!-- Generated by org.testng.reporters.JUnitReportReporter -->
<testsuite hostname="KINGSMAN-PC" failures="0" tests="1" name="automationpractice.FlipkartPrintingIphone14maxproDetails" time="73.267" errors="0" timestamp="2022-09-27T11:53:48 IST" skipped="0">
  <testcase classname="automationpractice.FlipkartPrintingIphone14maxproDetails" name="flipkartIphone14MaxProDetailsPrinting" time="73.267"/>
  <system-out/>
</testsuite> <!-- automationpractice.FlipkartPrintingIphone14maxproDetails -->
