<?xml version="1.0" encoding="UTF-8"?>
<!-- Generated by org.testng.reporters.JUnitReportReporter -->
<testsuite hostname="KINGSMAN-PC" failures="0" tests="1" name="com.automation.practice.MouseActionsMove" time="73.100" errors="0" timestamp="2022-10-04T00:01:42 IST" skipped="0">
  <testcase classname="com.automation.practice.MouseActionsMove" name="movingToDropDown" time="73.100"/>
  <system-out/>
</testsuite> <!-- com.automation.practice.MouseActionsMove -->
