<?xml version="1.0" encoding="UTF-8"?>
<!-- Generated by org.testng.reporters.JUnitReportReporter -->
<testsuite hostname="KINGSMAN-PC" failures="0" tests="1" name="com.automation.practice.PrintPopup" time="15.254" errors="0" timestamp="2022-10-03T20:04:09 IST" skipped="0">
  <testcase classname="com.automation.practice.PrintPopup" name="printHomepage" time="15.254"/>
  <system-out/>
</testsuite> <!-- com.automation.practice.PrintPopup -->
