<?xml version="1.0" encoding="UTF-8"?>
<!-- Generated by org.testng.reporters.JUnitReportReporter -->
<testsuite hostname="KINGSMAN-PC" failures="0" tests="1" name="com.automation.practice.WindowHandlesClosingIndeed" time="14.172" errors="0" timestamp="2022-10-03T22:30:19 IST" skipped="0">
  <testcase classname="com.automation.practice.WindowHandlesClosingIndeed" name="windowHandle" time="14.172"/>
  <system-out/>
</testsuite> <!-- com.automation.practice.WindowHandlesClosingIndeed -->
