<?xml version="1.0" encoding="UTF-8"?>
<!-- Generated by org.testng.reporters.JUnitReportReporter -->
<testsuite hostname="KINGSMAN-PC" failures="0" tests="1" name="com.automation.practice.ClosingChildsOfActitimeNoQuit" time="20.723" errors="0" timestamp="2022-10-03T22:52:43 IST" skipped="0">
  <testcase classname="com.automation.practice.ClosingChildsOfActitimeNoQuit" name="countingTabs" time="20.723"/>
  <system-out/>
</testsuite> <!-- com.automation.practice.ClosingChildsOfActitimeNoQuit -->
