<?xml version="1.0" encoding="UTF-8"?>
<!-- Generated by org.testng.reporters.JUnitReportReporter -->
<testsuite hostname="KINGSMAN-PC" failures="0" tests="1" name="automationpractice.FlipkartPrintingIphone14maxproDetails" time="49.344" errors="0" timestamp="2022-09-23T22:50:42 IST" skipped="0">
  <testcase classname="automationpractice.FlipkartPrintingIphone14maxproDetails" name="flipkartIphone14MaxProDetailsPrinting" time="49.344"/>
  <system-out/>
</testsuite> <!-- automationpractice.FlipkartPrintingIphone14maxproDetails -->
