<?xml version="1.0" encoding="UTF-8"?>
<!-- Generated by org.testng.reporters.JUnitReportReporter -->
<testsuite hostname="KINGSMAN-PC" failures="0" tests="1" name="com.externalautomation.practice.FindingZodiacSign" time="11.357" errors="0" timestamp="2022-09-22T17:43:04 IST" skipped="0">
  <testcase classname="com.externalautomation.practice.FindingZodiacSign" name="zodiacFinder" time="11.357"/>
  <system-out/>
</testsuite> <!-- com.externalautomation.practice.FindingZodiacSign -->
