<?xml version="1.0" encoding="UTF-8"?>
<!-- Generated by org.testng.reporters.JUnitReportReporter -->
<testsuite hostname="KINGSMAN-PC" failures="0" tests="1" name="com.automation.practice.WindowHandles" time="27.750" errors="0" timestamp="2022-10-03T22:11:31 IST" skipped="0">
  <testcase classname="com.automation.practice.WindowHandles" name="windowHandle" time="27.750"/>
  <system-out/>
</testsuite> <!-- com.automation.practice.WindowHandles -->
