<?xml version="1.0" encoding="UTF-8"?>
<!-- Generated by org.testng.reporters.JUnitReportReporter -->
<testsuite hostname="KINGSMAN-PC" failures="0" tests="1" name="automationpractice.UploadResumeToNaukariDotCom" time="55.566" errors="0" timestamp="2022-09-26T23:41:16 IST" skipped="0">
  <testcase classname="automationpractice.UploadResumeToNaukariDotCom" name="uploadResume" time="55.566"/>
  <system-out/>
</testsuite> <!-- automationpractice.UploadResumeToNaukariDotCom -->
