<?xml version="1.0" encoding="UTF-8"?>
<!-- Generated by org.testng.reporters.JUnitReportReporter -->
<testsuite hostname="KINGSMAN-PC" failures="0" tests="1" name="com.externalautomation.practice.TestNGDemo1" time="54.981" errors="0" timestamp="2022-09-14T20:09:51 IST" skipped="0">
  <testcase classname="com.externalautomation.practice.TestNGDemo1" name="openBrowser" time="54.981"/>
  <system-out/>
</testsuite> <!-- com.externalautomation.practice.TestNGDemo1 -->
