<?xml version="1.0" encoding="UTF-8"?>
<!-- Generated by org.testng.reporters.JUnitReportReporter -->
<testsuite hostname="KINGSMAN-PC" failures="0" tests="1" name="automationpractice.AutomateAlertsInAutomateTesting" time="10.097" errors="0" timestamp="2022-09-23T21:02:33 IST" skipped="0">
  <testcase classname="automationpractice.AutomateAlertsInAutomateTesting" name="automationWebsiteAlertTesting" time="10.097"/>
  <system-out/>
</testsuite> <!-- automationpractice.AutomateAlertsInAutomateTesting -->
