<?xml version="1.0" encoding="UTF-8"?>
<!-- Generated by org.testng.reporters.JUnitReportReporter -->
<testsuite hostname="KINGSMAN-PC" failures="0" tests="1" name="com.externalautomation.practice.SampleForAssertion" time="45.179" errors="0" timestamp="2022-09-16T15:33:21 IST" skipped="0">
  <testcase classname="com.externalautomation.practice.SampleForAssertion" name="runOne" time="45.179"/>
  <system-out/>
</testsuite> <!-- com.externalautomation.practice.SampleForAssertion -->
