<?xml version="1.0" encoding="UTF-8"?>
<!-- Generated by org.testng.reporters.JUnitReportReporter -->
<testsuite hostname="KINGSMAN-PC" failures="0" tests="1" name="com.automation.practice.PrintingFlipkartUsingRobotClass" time="77.386" errors="0" timestamp="2022-09-28T10:32:21 IST" skipped="0">
  <testcase classname="com.automation.practice.PrintingFlipkartUsingRobotClass" name="printFlipkart" time="77.386"/>
  <system-out/>
</testsuite> <!-- com.automation.practice.PrintingFlipkartUsingRobotClass -->
